<?xml version="1.0" encoding="UTF-8"?>
<!-- Generated by org.testng.reporters.JUnitReportReporter -->
<testsuite hostname="LAPTOP-A5AUAP0K" failures="0" tests="1" name="math.calculator" time="0.006" errors="0" timestamp="2024-05-01T23:10:46 CDT" skipped="0">
  <testcase classname="math.calculator" name="performCalculation" time="0.006"/>
  <system-out/>
</testsuite> <!-- math.calculator -->
