<?xml version="1.0" encoding="UTF-8"?>
<!-- Generated by org.testng.reporters.JUnitReportReporter -->
<testsuite hostname="LAPTOP-A5AUAP0K" failures="0" tests="1" name="math.calculator" time="0.005" errors="0" timestamp="2024-05-02T08:38:39 CDT" skipped="0">
  <testcase classname="math.calculator" name="performCalculation" time="0.005"/>
</testsuite> <!-- math.calculator -->
